# JRE version: Java(TM) SE Runtime Environment (8.0_151-b12) (build 1.8.0_151-b12)
# Java VM: Java HotSpot(TM) Client VM (25.151-b12 mixed mode, sharing windows-x86 )
Heap:
 def new generation   total 78656K, used 22350K [0x04800000, 0x09d50000, 0x09d50000)
  eden space 69952K,  31% used [0x04800000, 0x05dd38d0, 0x08c50000)
  from space 8704K,   0% used [0x08c50000, 0x08c50000, 0x094d0000)
  to   space 8704K,   0% used [0x094d0000, 0x094d0000, 0x09d50000)
 tenured generation   total 174784K, used 117361K [0x09d50000, 0x14800000, 0x14800000)
   the space 174784K,  67% used [0x09d50000, 0x10fec778, 0x10fec800, 0x14800000)
 Metaspace       used 22125K, capacity 23277K, committed 23552K, reserved 23936K
GC Heap History (10 events):
Event: 96.558 GC heap before
{Heap before GC invocations=164 (full 16):
 def new generation   total 78656K, used 69952K [0x04800000, 0x09d50000, 0x09d50000)
  eden space 69952K, 100% used [0x04800000, 0x08c50000, 0x08c50000)
  from space 8704K,   0% used [0x08c50000, 0x08c50000, 0x094d0000)
  to   space 8704K,   0% used [0x094d0000, 0x094d0000, 0x09d50000)
 tenured generation   total 174784K, used 110680K [0x09d50000, 0x14800000, 0x14800000)
   the space 174784K,  63% used [0x09d50000, 0x109661b8, 0x10966200, 0x14800000)
 Metaspace       used 22053K, capacity 23173K, committed 23552K, reserved 23936K
Event: 96.613 GC heap after
Heap after GC invocations=165 (full 16):
 def new generation   total 78656K, used 8704K [0x04800000, 0x09d50000, 0x09d50000)
  eden space 69952K,   0% used [0x04800000, 0x04800000, 0x08c50000)
  from space 8704K, 100% used [0x094d0000, 0x09d50000, 0x09d50000)
  to   space 8704K,   0% used [0x08c50000, 0x08c50000, 0x094d0000)
 tenured generation   total 174784K, used 137641K [0x09d50000, 0x14800000, 0x14800000)
   the space 174784K,  78% used [0x09d50000, 0x123ba7c0, 0x123ba800, 0x14800000)
 Metaspace       used 22053K, capacity 23173K, committed 23552K, reserved 23936K
}
Event: 96.814 GC heap before
{Heap before GC invocations=165 (full 16):
 def new generation   total 78656K, used 78656K [0x04800000, 0x09d50000, 0x09d50000)
  eden space 69952K, 100% used [0x04800000, 0x08c50000, 0x08c50000)
  from space 8704K, 100% used [0x094d0000, 0x09d50000, 0x09d50000)
  to   space 8704K,   0% used [0x08c50000, 0x08c50000, 0x094d0000)
 tenured generation   total 174784K, used 137641K [0x09d50000, 0x14800000, 0x14800000)
   the space 174784K,  78% used [0x09d50000, 0x123ba7c0, 0x123ba800, 0x14800000)
 Metaspace       used 22053K, capacity 23173K, committed 23552K, reserved 23936K
Event: 96.979 GC heap after
Heap after GC invocations=166 (full 17):
 def new generation   total 78656K, used 0K [0x04800000, 0x09d50000, 0x09d50000)
  eden space 69952K,   0% used [0x04800000, 0x04800000, 0x08c50000)
  from space 8704K,   0% used [0x094d0000, 0x094d0000, 0x09d50000)
  to   space 8704K,   0% used [0x08c50000, 0x08c50000, 0x094d0000)
 tenured generation   total 174784K, used 118354K [0x09d50000, 0x14800000, 0x14800000)
   the space 174784K,  67% used [0x09d50000, 0x110e4bd0, 0x110e4c00, 0x14800000)
 Metaspace       used 22053K, capacity 23173K, committed 23552K, reserved 23936K
}
Event: 97.186 GC heap before
{Heap before GC invocations=166 (full 17):
 def new generation   total 78656K, used 69952K [0x04800000, 0x09d50000, 0x09d50000)
  eden space 69952K, 100% used [0x04800000, 0x08c50000, 0x08c50000)
  from space 8704K,   0% used [0x094d0000, 0x094d0000, 0x09d50000)
  to   space 8704K,   0% used [0x08c50000, 0x08c50000, 0x094d0000)
 tenured generation   total 174784K, used 118354K [0x09d50000, 0x14800000, 0x14800000)
   the space 174784K,  67% used [0x09d50000, 0x110e4bd0, 0x110e4c00, 0x14800000)
 Metaspace       used 22053K, capacity 23173K, committed 23552K, reserved 23936K
Event: 97.269 GC heap after
Heap after GC invocations=167 (full 17):
 def new generation   total 78656K, used 8704K [0x04800000, 0x09d50000, 0x09d50000)
  eden space 69952K,   0% used [0x04800000, 0x04800000, 0x08c50000)
  from space 8704K, 100% used [0x08c50000, 0x094d0000, 0x094d0000)
  to   space 8704K,   0% used [0x094d0000, 0x094d0000, 0x09d50000)
 tenured generation   total 174784K, used 150757K [0x09d50000, 0x14800000, 0x14800000)
   the space 174784K,  86% used [0x09d50000, 0x130895b0, 0x13089600, 0x14800000)
 Metaspace       used 22053K, capacity 23173K, committed 23552K, reserved 23936K
}
Event: 97.478 GC heap before
{Heap before GC invocations=167 (full 17):
 def new generation   total 78656K, used 78656K [0x04800000, 0x09d50000, 0x09d50000)
  eden space 69952K, 100% used [0x04800000, 0x08c50000, 0x08c50000)
  from space 8704K, 100% used [0x08c50000, 0x094d0000, 0x094d0000)
  to   space 8704K,   0% used [0x094d0000, 0x094d0000, 0x09d50000)
 tenured generation   total 174784K, used 150757K [0x09d50000, 0x14800000, 0x14800000)
   the space 174784K,  86% used [0x09d50000, 0x130895b0, 0x13089600, 0x14800000)
 Metaspace       used 22053K, capacity 23173K, committed 23552K, reserved 23936K
Event: 97.653 GC heap after
Heap after GC invocations=168 (full 18):
 def new generation   total 78656K, used 0K [0x04800000, 0x09d50000, 0x09d50000)
  eden space 69952K,   0% used [0x04800000, 0x04800000, 0x08c50000)
  from space 8704K,   0% used [0x08c50000, 0x08c50000, 0x094d0000)
  to   space 8704K,   0% used [0x094d0000, 0x094d0000, 0x09d50000)
 tenured generation   total 174784K, used 126038K [0x09d50000, 0x14800000, 0x14800000)
   the space 174784K,  72% used [0x09d50000, 0x118658f8, 0x11865a00, 0x14800000)
 Metaspace       used 22053K, capacity 23173K, committed 23552K, reserved 23936K
}
Event: 99.629 GC heap before
{Heap before GC invocations=168 (full 18):
 def new generation   total 78656K, used 69952K [0x04800000, 0x09d50000, 0x09d50000)
  eden space 69952K, 100% used [0x04800000, 0x08c50000, 0x08c50000)
  from space 8704K,   0% used [0x08c50000, 0x08c50000, 0x094d0000)
  to   space 8704K,   0% used [0x094d0000, 0x094d0000, 0x09d50000)
 tenured generation   total 174784K, used 126038K [0x09d50000, 0x14800000, 0x14800000)
   the space 174784K,  72% used [0x09d50000, 0x118658f8, 0x11865a00, 0x14800000)
 Metaspace       used 22053K, capacity 23173K, committed 23552K, reserved 23936K
Event: 99.785 GC heap after
Heap after GC invocations=169 (full 19):
 def new generation   total 78656K, used 0K [0x04800000, 0x09d50000, 0x09d50000)
  eden space 69952K,   0% used [0x04800000, 0x04800000, 0x08c50000)
  from space 8704K,   0% used [0x08c50000, 0x08c50000, 0x094d0000)
  to   space 8704K,   0% used [0x094d0000, 0x094d0000, 0x09d50000)
 tenured generation   total 174784K, used 117361K [0x09d50000, 0x14800000, 0x14800000)
   the space 174784K,  67% used [0x09d50000, 0x10fec778, 0x10fec800, 0x14800000)
 Metaspace       used 22053K, capacity 23173K, committed 23552K, reserved 23936K
}

