# JRE version: Java(TM) SE Runtime Environment (8.0_151-b12) (build 1.8.0_151-b12)
# Java VM: Java HotSpot(TM) Client VM (25.151-b12 mixed mode windows-x86 )
Heap:
 def new generation   total 78656K, used 65071K [0x05200000, 0x0a750000, 0x0a750000)
  eden space 69952K,  92% used [0x05200000, 0x09186800, 0x09650000)
  from space 8704K,   0% used [0x09ed0000, 0x09ed54f8, 0x0a750000)
  to   space 8704K,   0% used [0x09650000, 0x09650000, 0x09ed0000)
 tenured generation   total 174784K, used 142268K [0x0a750000, 0x15200000, 0x15200000)
   the space 174784K,  81% used [0x0a750000, 0x1323f018, 0x1323f200, 0x15200000)
 Metaspace       used 28586K, capacity 29814K, committed 29952K, reserved 30080K
GC Heap History (10 events):
Event: 302.280 GC heap before
{Heap before GC invocations=187 (full 9):
 def new generation   total 78656K, used 70301K [0x05200000, 0x0a750000, 0x0a750000)
  eden space 69952K, 100% used [0x05200000, 0x09650000, 0x09650000)
  from space 8704K,   4% used [0x09650000, 0x096a76b0, 0x09ed0000)
  to   space 8704K,   0% used [0x09ed0000, 0x09ed0000, 0x0a750000)
 tenured generation   total 174784K, used 141936K [0x0a750000, 0x15200000, 0x15200000)
   the space 174784K,  81% used [0x0a750000, 0x131ec310, 0x131ec400, 0x15200000)
 Metaspace       used 28542K, capacity 29782K, committed 29952K, reserved 30080K
Event: 302.282 GC heap after
Heap after GC invocations=188 (full 9):
 def new generation   total 78656K, used 355K [0x05200000, 0x0a750000, 0x0a750000)
  eden space 69952K,   0% used [0x05200000, 0x05200000, 0x09650000)
  from space 8704K,   4% used [0x09ed0000, 0x09f28dc8, 0x0a750000)
  to   space 8704K,   0% used [0x09650000, 0x09650000, 0x09ed0000)
 tenured generation   total 174784K, used 141936K [0x0a750000, 0x15200000, 0x15200000)
   the space 174784K,  81% used [0x0a750000, 0x131ec380, 0x131ec400, 0x15200000)
 Metaspace       used 28542K, capacity 29782K, committed 29952K, reserved 30080K
}
Event: 306.438 GC heap before
{Heap before GC invocations=188 (full 9):
 def new generation   total 78656K, used 70307K [0x05200000, 0x0a750000, 0x0a750000)
  eden space 69952K, 100% used [0x05200000, 0x09650000, 0x09650000)
  from space 8704K,   4% used [0x09ed0000, 0x09f28dc8, 0x0a750000)
  to   space 8704K,   0% used [0x09650000, 0x09650000, 0x09ed0000)
 tenured generation   total 174784K, used 141936K [0x0a750000, 0x15200000, 0x15200000)
   the space 174784K,  81% used [0x0a750000, 0x131ec380, 0x131ec400, 0x15200000)
 Metaspace       used 28542K, capacity 29782K, committed 29952K, reserved 30080K
Event: 306.441 GC heap after
Heap after GC invocations=189 (full 9):
 def new generation   total 78656K, used 350K [0x05200000, 0x0a750000, 0x0a750000)
  eden space 69952K,   0% used [0x05200000, 0x05200000, 0x09650000)
  from space 8704K,   4% used [0x09650000, 0x096a79a0, 0x09ed0000)
  to   space 8704K,   0% used [0x09ed0000, 0x09ed0000, 0x0a750000)
 tenured generation   total 174784K, used 141936K [0x0a750000, 0x15200000, 0x15200000)
   the space 174784K,  81% used [0x0a750000, 0x131ec3d0, 0x131ec400, 0x15200000)
 Metaspace       used 28542K, capacity 29782K, committed 29952K, reserved 30080K
}
Event: 307.934 GC heap before
{Heap before GC invocations=189 (full 9):
 def new generation   total 78656K, used 70302K [0x05200000, 0x0a750000, 0x0a750000)
  eden space 69952K, 100% used [0x05200000, 0x09650000, 0x09650000)
  from space 8704K,   4% used [0x09650000, 0x096a79a0, 0x09ed0000)
  to   space 8704K,   0% used [0x09ed0000, 0x09ed0000, 0x0a750000)
 tenured generation   total 174784K, used 141936K [0x0a750000, 0x15200000, 0x15200000)
   the space 174784K,  81% used [0x0a750000, 0x131ec3d0, 0x131ec400, 0x15200000)
 Metaspace       used 28542K, capacity 29782K, committed 29952K, reserved 30080K
Event: 307.937 GC heap after
Heap after GC invocations=190 (full 9):
 def new generation   total 78656K, used 350K [0x05200000, 0x0a750000, 0x0a750000)
  eden space 69952K,   0% used [0x05200000, 0x05200000, 0x09650000)
  from space 8704K,   4% used [0x09ed0000, 0x09f27818, 0x0a750000)
  to   space 8704K,   0% used [0x09650000, 0x09650000, 0x09ed0000)
 tenured generation   total 174784K, used 141937K [0x0a750000, 0x15200000, 0x15200000)
   the space 174784K,  81% used [0x0a750000, 0x131ec418, 0x131ec600, 0x15200000)
 Metaspace       used 28542K, capacity 29782K, committed 29952K, reserved 30080K
}
Event: 309.230 GC heap before
{Heap before GC invocations=190 (full 9):
 def new generation   total 78656K, used 70302K [0x05200000, 0x0a750000, 0x0a750000)
  eden space 69952K, 100% used [0x05200000, 0x09650000, 0x09650000)
  from space 8704K,   4% used [0x09ed0000, 0x09f27818, 0x0a750000)
  to   space 8704K,   0% used [0x09650000, 0x09650000, 0x09ed0000)
 tenured generation   total 174784K, used 141937K [0x0a750000, 0x15200000, 0x15200000)
   the space 174784K,  81% used [0x0a750000, 0x131ec418, 0x131ec600, 0x15200000)
 Metaspace       used 28543K, capacity 29782K, committed 29952K, reserved 30080K
Event: 309.233 GC heap after
Heap after GC invocations=191 (full 9):
 def new generation   total 78656K, used 352K [0x05200000, 0x0a750000, 0x0a750000)
  eden space 69952K,   0% used [0x05200000, 0x05200000, 0x09650000)
  from space 8704K,   4% used [0x09650000, 0x096a8188, 0x09ed0000)
  to   space 8704K,   0% used [0x09ed0000, 0x09ed0000, 0x0a750000)
 tenured generation   total 174784K, used 141937K [0x0a750000, 0x15200000, 0x15200000)
   the space 174784K,  81% used [0x0a750000, 0x131ec418, 0x131ec600, 0x15200000)
 Metaspace       used 28543K, capacity 29782K, committed 29952K, reserved 30080K
}
Event: 310.720 GC heap before
{Heap before GC invocations=191 (full 9):
 def new generation   total 78656K, used 70304K [0x05200000, 0x0a750000, 0x0a750000)
  eden space 69952K, 100% used [0x05200000, 0x09650000, 0x09650000)
  from space 8704K,   4% used [0x09650000, 0x096a8188, 0x09ed0000)
  to   space 8704K,   0% used [0x09ed0000, 0x09ed0000, 0x0a750000)
 tenured generation   total 174784K, used 141937K [0x0a750000, 0x15200000, 0x15200000)
   the space 174784K,  81% used [0x0a750000, 0x131ec418, 0x131ec600, 0x15200000)
 Metaspace       used 28543K, capacity 29782K, committed 29952K, reserved 30080K
Event: 310.722 GC heap after
Heap after GC invocations=192 (full 9):
 def new generation   total 78656K, used 21K [0x05200000, 0x0a750000, 0x0a750000)
  eden space 69952K,   0% used [0x05200000, 0x05200000, 0x09650000)
  from space 8704K,   0% used [0x09ed0000, 0x09ed54f8, 0x0a750000)
  to   space 8704K,   0% used [0x09650000, 0x09650000, 0x09ed0000)
 tenured generation   total 174784K, used 142268K [0x0a750000, 0x15200000, 0x15200000)
   the space 174784K,  81% used [0x0a750000, 0x1323f018, 0x1323f200, 0x15200000)
 Metaspace       used 28543K, capacity 29782K, committed 29952K, reserved 30080K
}

